<?xml version="1.0" encoding="UTF-8"?>
<robot generator="Rebot 3.1.1 (Python 3.7.3 on win32)" generated="20200929 20:06:31.078" rpa="false">
<suite id="s1" name="Suites">
<suite id="s1-s1" name="TC AutomateAmazonKDP 1" source="D:\Projects\AmazonKDP\Test_Automation\RobotFramework\Tests\TC_AutomateAmazonKDP_1.robot">
<kw name="Validate SetUp" library="common_resource" type="setup">
<kw name="Setup" library="TestFixture">
<arguments>
<arg>${BROWSER NAME}</arg>
</arguments>
<status status="PASS" starttime="20200929 19:58:24.609" endtime="20200929 19:58:29.691"></status>
</kw>
<kw name="Set Time Out Value" library="TestFixture">
<doc>Implementing set webdriver time out value functionality
:param value: time out value in seconds
:return:</doc>
<arguments>
<arg>${DEFAULT TIME OUT VALUE}</arg>
</arguments>
<status status="PASS" starttime="20200929 19:58:29.691" endtime="20200929 19:58:29.691"></status>
</kw>
<status status="PASS" starttime="20200929 19:58:24.608" endtime="20200929 19:58:29.692"></status>
</kw>
<kw name="Validate Suite Teardown" library="common_resource" type="teardown">
<kw name="Teardown" library="TestFixture">
<doc>Closing browser instance</doc>
<status status="PASS" starttime="20200929 20:05:41.372" endtime="20200929 20:05:42.680"></status>
</kw>
<status status="PASS" starttime="20200929 20:05:41.372" endtime="20200929 20:05:42.680"></status>
</kw>
<test id="s1-s1-t1" name="Validate Publish Papers using 1">
<kw name="Validate Login Into Application" library="common_resource" type="setup">
<kw name="Goto" library="TestFixture">
<doc>Launching/Navigating System Under Test</doc>
<arguments>
<arg>${LOGIN PAGE URL}</arg>
</arguments>
<status status="PASS" starttime="20200929 19:58:29.693" endtime="20200929 19:58:34.653"></status>
</kw>
<kw name="Submit Credentials" library="login_page_resource">
<arguments>
<arg>${USERNAME}</arg>
<arg>${PASSWORD}</arg>
</arguments>
<kw name="Perform Login" library="Login">
<doc>Returning Login functionality by using User credentials
Implementing logging for Login functionality
:param user_name:
:param password:
:return:</doc>
<arguments>
<arg>${USERNAME}</arg>
<arg>${PASSWORD}</arg>
</arguments>
<assign>
<var>${STATUS}</var>
</assign>
<msg timestamp="20200929 19:58:34.655" level="INFO">Start: perform login method</msg>
<msg timestamp="20200929 19:59:04.164" level="INFO">End: perform login method</msg>
<msg timestamp="20200929 19:59:04.165" level="INFO">${STATUS} = True</msg>
<status status="PASS" starttime="20200929 19:58:34.654" endtime="20200929 19:59:04.165"></status>
</kw>
<kw name="Should Be True" library="BuiltIn">
<doc>Fails if the given condition is not true.</doc>
<arguments>
<arg>${STATUS}</arg>
<arg>Unable to submit credentials</arg>
</arguments>
<status status="PASS" starttime="20200929 19:59:04.166" endtime="20200929 19:59:04.167"></status>
</kw>
<kw name="Run Keyword If" library="BuiltIn" type="teardown">
<doc>Runs the given keyword with the given arguments, if ``condition`` is true.</doc>
<arguments>
<arg>'${STATUS}'=='False'</arg>
<arg>Log Screenshot</arg>
</arguments>
<status status="PASS" starttime="20200929 19:59:04.167" endtime="20200929 19:59:04.168"></status>
</kw>
<status status="PASS" starttime="20200929 19:58:34.654" endtime="20200929 19:59:04.169"></status>
</kw>
<kw name="Login Should Be Succesfull" library="login_page_resource">
<assign>
<var>${LOGIN STATUS}</var>
</assign>
<kw name="Is Login Successful" library="Home">
<doc>Returning user login success status
Implementing logging for is login successful functionality
:return: True/False</doc>
<assign>
<var>${STATUS}</var>
</assign>
<msg timestamp="20200929 19:59:04.187" level="INFO">Start: is login successful</msg>
<msg timestamp="20200929 19:59:04.211" level="INFO">End: is login successful</msg>
<msg timestamp="20200929 19:59:04.211" level="INFO">${STATUS} = True</msg>
<status status="PASS" starttime="20200929 19:59:04.170" endtime="20200929 19:59:04.211"></status>
</kw>
<kw name="Should Be True" library="BuiltIn">
<doc>Fails if the given condition is not true.</doc>
<arguments>
<arg>${STATUS}</arg>
<arg>Unable to login into application</arg>
</arguments>
<status status="PASS" starttime="20200929 19:59:04.211" endtime="20200929 19:59:04.212"></status>
</kw>
<kw name="Return From Keyword" library="BuiltIn">
<doc>Returns from the enclosing user keyword.</doc>
<arguments>
<arg>${STATUS}</arg>
</arguments>
<msg timestamp="20200929 19:59:04.212" level="INFO">Returning from the enclosing user keyword.</msg>
<status status="PASS" starttime="20200929 19:59:04.212" endtime="20200929 19:59:04.212"></status>
</kw>
<msg timestamp="20200929 19:59:04.213" level="INFO">${LOGIN STATUS} = True</msg>
<status status="PASS" starttime="20200929 19:59:04.169" endtime="20200929 19:59:04.213"></status>
</kw>
<kw name="Run Keyword If" library="BuiltIn" type="teardown">
<doc>Runs the given keyword with the given arguments, if ``condition`` is true.</doc>
<arguments>
<arg>'${LOGIN STATUS}'=='False'</arg>
<arg>Log Screenshot</arg>
</arguments>
<status status="PASS" starttime="20200929 19:59:04.213" endtime="20200929 19:59:04.213"></status>
</kw>
<status status="PASS" starttime="20200929 19:58:29.692" endtime="20200929 19:59:04.214"></status>
</kw>
<kw name="publish paper">
<arguments>
<arg>Sheet1</arg>
<arg>Sheet1</arg>
<arg>English</arg>
<arg>Test Book Title 1</arg>
<arg>Test Book Subtitle</arg>
<arg>Mr.</arg>
<arg>Book</arg>
<arg>Publisher</arg>
<arg>test description for paper</arg>
<arg>I own the copyright and I hold necessary publishing rights.</arg>
<arg>Nonfiction</arg>
<arg>Design</arg>
<arg>Book</arg>
<arg>n</arg>
<arg>No</arg>
<arg>8.5,11</arg>
<arg>Manuscript.pdf</arg>
<arg>Upload a cover you already have (print-ready PDF only)</arg>
<arg>main_file_Data Set_1_copy.pdf</arg>
<arg>12</arg>
</arguments>
<kw name="Verify publish paper" library="home_page_resource">
<arguments>
<arg>${CurrentSheetName}</arg>
<arg>${PreviouslyExecutedSheet}</arg>
<arg>${language}</arg>
<arg>${BookTtitle}</arg>
<arg>${BookSubtitle}</arg>
<arg>${primaryAuthorPrefix}</arg>
<arg>${FirstName}</arg>
<arg>${LastName}</arg>
<arg>${Description}</arg>
<arg>${Keywords}</arg>
<arg>${PublishingRightsRadioButton}</arg>
<arg>${Category}</arg>
<arg>${SubCategory}</arg>
<arg>${SubCategoryChild}</arg>
<arg>${SubCategorySubChild}</arg>
<arg>${AdultContentRadioButton}</arg>
<arg>${TrimSizeWidthAndHeight}</arg>
<arg>${BookNameToUpload}</arg>
<arg>${BookCoverRadioButton}</arg>
<arg>${BookCoverToUpload}</arg>
<arg>${ListPrice}</arg>
</arguments>
<kw name="Kdp Publish Paper" library="Home">
<doc>Returning kdp publish paper status
Implementing kdp public paper functionality
:param current_sheet_name:
:param previously_executed_sheet:
:param language:
:param bookTitle:
:param bookSubtitle:
:param primaryAuthorPrefix:
:param firstName:
:param lastName:
:param description:
:param keywords:
:param publishingRightsRadioButton:
:param category:
:param sub_category:
:param sub_category_child:
:param sub_category_sub_child:
:param adultContentRadioButton:
:param trimSizeWidthAndHeight:
:param bookNameToUpload:
:param bookCoverRadioButton:
:param bookCoverToUpload:
:param listPrice:
:return: True/False</doc>
<arguments>
<arg>${CurrentSheetName}</arg>
<arg>${PreviouslyExecutedSheet}</arg>
<arg>${language}</arg>
<arg>${BookTtitle}</arg>
<arg>${BookSubtitle}</arg>
<arg>${primaryAuthorPrefix}</arg>
<arg>${FirstName}</arg>
<arg>${LastName}</arg>
<arg>${Description}</arg>
<arg>${Keywords}</arg>
<arg>${PublishingRightsRadioButton}</arg>
<arg>${Category}</arg>
<arg>${SubCategory}</arg>
<arg>${SubCategoryChild}</arg>
<arg>${SubCategorySubChild}</arg>
<arg>${AdultContentRadioButton}</arg>
<arg>${TrimSizeWidthAndHeight}</arg>
<arg>${BookNameToUpload}</arg>
<arg>${BookCoverRadioButton}</arg>
<arg>${BookCoverToUpload}</arg>
<arg>${ListPrice}</arg>
</arguments>
<assign>
<var>${STATUS}</var>
</assign>
<msg timestamp="20200929 19:59:04.219" level="INFO">Start: KDP Publish Paper</msg>
<msg timestamp="20200929 20:05:41.368" level="INFO">End: KDP Publish Paper</msg>
<msg timestamp="20200929 20:05:41.369" level="INFO">${STATUS} = True</msg>
<status status="PASS" starttime="20200929 19:59:04.217" endtime="20200929 20:05:41.369"></status>
</kw>
<kw name="Should Be True" library="BuiltIn">
<doc>Fails if the given condition is not true.</doc>
<arguments>
<arg>${STATUS}</arg>
<arg>Unable to publish paper</arg>
</arguments>
<status status="PASS" starttime="20200929 20:05:41.369" endtime="20200929 20:05:41.370"></status>
</kw>
<kw name="Run Keyword If" library="BuiltIn" type="teardown">
<doc>Runs the given keyword with the given arguments, if ``condition`` is true.</doc>
<arguments>
<arg>'${STATUS}'=='False'</arg>
<arg>Log Screenshot</arg>
</arguments>
<status status="PASS" starttime="20200929 20:05:41.370" endtime="20200929 20:05:41.371"></status>
</kw>
<status status="PASS" starttime="20200929 19:59:04.215" endtime="20200929 20:05:41.371"></status>
</kw>
<status status="PASS" starttime="20200929 19:59:04.214" endtime="20200929 20:05:41.371"></status>
</kw>
<status status="PASS" starttime="20200929 19:58:29.692" endtime="20200929 20:05:41.371" critical="yes"></status>
</test>
<doc>A Test Suite With Set Of Tests To Validate My Organization- Plans and Units Tab Functionality</doc>
<status status="PASS" starttime="20200929 19:58:22.945" endtime="20200929 20:05:42.681"></status>
</suite>
<suite id="s1-s2" name="TC AutomateAmazonKDP 2" source="D:\Projects\AmazonKDP\Test_Automation\RobotFramework\Tests\TC_AutomateAmazonKDP_2.robot">
<kw name="Validate SetUp" library="common_resource" type="setup">
<kw name="Setup" library="TestFixture">
<arguments>
<arg>${BROWSER NAME}</arg>
</arguments>
<status status="PASS" starttime="20200929 19:58:24.608" endtime="20200929 19:58:32.589"></status>
</kw>
<kw name="Set Time Out Value" library="TestFixture">
<doc>Implementing set webdriver time out value functionality
:param value: time out value in seconds
:return:</doc>
<arguments>
<arg>${DEFAULT TIME OUT VALUE}</arg>
</arguments>
<status status="PASS" starttime="20200929 19:58:32.590" endtime="20200929 19:58:32.590"></status>
</kw>
<status status="PASS" starttime="20200929 19:58:24.608" endtime="20200929 19:58:32.590"></status>
</kw>
<kw name="Validate Suite Teardown" library="common_resource" type="teardown">
<kw name="Teardown" library="TestFixture">
<doc>Closing browser instance</doc>
<status status="PASS" starttime="20200929 20:06:29.479" endtime="20200929 20:06:30.684"></status>
</kw>
<status status="PASS" starttime="20200929 20:06:29.479" endtime="20200929 20:06:30.684"></status>
</kw>
<test id="s1-s2-t1" name="Validate Publish Papers using 1">
<kw name="Validate Login Into Application" library="common_resource" type="setup">
<kw name="Goto" library="TestFixture">
<doc>Launching/Navigating System Under Test</doc>
<arguments>
<arg>${LOGIN PAGE URL}</arg>
</arguments>
<status status="PASS" starttime="20200929 19:58:32.591" endtime="20200929 19:58:38.824"></status>
</kw>
<kw name="Submit Credentials" library="login_page_resource">
<arguments>
<arg>${USERNAME}</arg>
<arg>${PASSWORD}</arg>
</arguments>
<kw name="Perform Login" library="Login">
<doc>Returning Login functionality by using User credentials
Implementing logging for Login functionality
:param user_name:
:param password:
:return:</doc>
<arguments>
<arg>${USERNAME}</arg>
<arg>${PASSWORD}</arg>
</arguments>
<assign>
<var>${STATUS}</var>
</assign>
<msg timestamp="20200929 19:58:38.826" level="INFO">Start: perform login method</msg>
<msg timestamp="20200929 19:59:07.496" level="INFO">End: perform login method</msg>
<msg timestamp="20200929 19:59:07.497" level="INFO">${STATUS} = True</msg>
<status status="PASS" starttime="20200929 19:58:38.825" endtime="20200929 19:59:07.497"></status>
</kw>
<kw name="Should Be True" library="BuiltIn">
<doc>Fails if the given condition is not true.</doc>
<arguments>
<arg>${STATUS}</arg>
<arg>Unable to submit credentials</arg>
</arguments>
<status status="PASS" starttime="20200929 19:59:07.498" endtime="20200929 19:59:07.498"></status>
</kw>
<kw name="Run Keyword If" library="BuiltIn" type="teardown">
<doc>Runs the given keyword with the given arguments, if ``condition`` is true.</doc>
<arguments>
<arg>'${STATUS}'=='False'</arg>
<arg>Log Screenshot</arg>
</arguments>
<status status="PASS" starttime="20200929 19:59:07.499" endtime="20200929 19:59:07.500"></status>
</kw>
<status status="PASS" starttime="20200929 19:58:38.825" endtime="20200929 19:59:07.500"></status>
</kw>
<kw name="Login Should Be Succesfull" library="login_page_resource">
<assign>
<var>${LOGIN STATUS}</var>
</assign>
<kw name="Is Login Successful" library="Home">
<doc>Returning user login success status
Implementing logging for is login successful functionality
:return: True/False</doc>
<assign>
<var>${STATUS}</var>
</assign>
<msg timestamp="20200929 19:59:07.502" level="INFO">Start: is login successful</msg>
<msg timestamp="20200929 19:59:07.527" level="INFO">End: is login successful</msg>
<msg timestamp="20200929 19:59:07.527" level="INFO">${STATUS} = True</msg>
<status status="PASS" starttime="20200929 19:59:07.501" endtime="20200929 19:59:07.527"></status>
</kw>
<kw name="Should Be True" library="BuiltIn">
<doc>Fails if the given condition is not true.</doc>
<arguments>
<arg>${STATUS}</arg>
<arg>Unable to login into application</arg>
</arguments>
<status status="PASS" starttime="20200929 19:59:07.528" endtime="20200929 19:59:07.528"></status>
</kw>
<kw name="Return From Keyword" library="BuiltIn">
<doc>Returns from the enclosing user keyword.</doc>
<arguments>
<arg>${STATUS}</arg>
</arguments>
<msg timestamp="20200929 19:59:07.529" level="INFO">Returning from the enclosing user keyword.</msg>
<status status="PASS" starttime="20200929 19:59:07.529" endtime="20200929 19:59:07.529"></status>
</kw>
<msg timestamp="20200929 19:59:07.530" level="INFO">${LOGIN STATUS} = True</msg>
<status status="PASS" starttime="20200929 19:59:07.500" endtime="20200929 19:59:07.530"></status>
</kw>
<kw name="Run Keyword If" library="BuiltIn" type="teardown">
<doc>Runs the given keyword with the given arguments, if ``condition`` is true.</doc>
<arguments>
<arg>'${LOGIN STATUS}'=='False'</arg>
<arg>Log Screenshot</arg>
</arguments>
<status status="PASS" starttime="20200929 19:59:07.530" endtime="20200929 19:59:07.531"></status>
</kw>
<status status="PASS" starttime="20200929 19:58:32.591" endtime="20200929 19:59:07.531"></status>
</kw>
<kw name="publish paper">
<arguments>
<arg>Sheet2</arg>
<arg>Sheet1</arg>
<arg>English</arg>
<arg>Test Book Title 2</arg>
<arg>Test Book Subtitle</arg>
<arg>Mr.</arg>
<arg>Book</arg>
<arg>Publisher</arg>
<arg>test description for paper</arg>
<arg>This is a public domain work</arg>
<arg>Nonfiction</arg>
<arg>Design</arg>
<arg>Book</arg>
<arg>n</arg>
<arg>No</arg>
<arg>8.5,11</arg>
<arg>Manuscript.pdf</arg>
<arg>Upload a cover you already have (print-ready PDF only)</arg>
<arg>main_file_Data Set_1_copy.pdf</arg>
<arg>12</arg>
</arguments>
<kw name="Verify publish paper" library="home_page_resource">
<arguments>
<arg>${CurrentSheetName}</arg>
<arg>${PreviouslyExecutedSheet}</arg>
<arg>${language}</arg>
<arg>${BookTtitle}</arg>
<arg>${BookSubtitle}</arg>
<arg>${primaryAuthorPrefix}</arg>
<arg>${FirstName}</arg>
<arg>${LastName}</arg>
<arg>${Description}</arg>
<arg>${Keywords}</arg>
<arg>${PublishingRightsRadioButton}</arg>
<arg>${Category}</arg>
<arg>${SubCategory}</arg>
<arg>${SubCategoryChild}</arg>
<arg>${SubCategorySubChild}</arg>
<arg>${AdultContentRadioButton}</arg>
<arg>${TrimSizeWidthAndHeight}</arg>
<arg>${BookNameToUpload}</arg>
<arg>${BookCoverRadioButton}</arg>
<arg>${BookCoverToUpload}</arg>
<arg>${ListPrice}</arg>
</arguments>
<kw name="Kdp Publish Paper" library="Home">
<doc>Returning kdp publish paper status
Implementing kdp public paper functionality
:param current_sheet_name:
:param previously_executed_sheet:
:param language:
:param bookTitle:
:param bookSubtitle:
:param primaryAuthorPrefix:
:param firstName:
:param lastName:
:param description:
:param keywords:
:param publishingRightsRadioButton:
:param category:
:param sub_category:
:param sub_category_child:
:param sub_category_sub_child:
:param adultContentRadioButton:
:param trimSizeWidthAndHeight:
:param bookNameToUpload:
:param bookCoverRadioButton:
:param bookCoverToUpload:
:param listPrice:
:return: True/False</doc>
<arguments>
<arg>${CurrentSheetName}</arg>
<arg>${PreviouslyExecutedSheet}</arg>
<arg>${language}</arg>
<arg>${BookTtitle}</arg>
<arg>${BookSubtitle}</arg>
<arg>${primaryAuthorPrefix}</arg>
<arg>${FirstName}</arg>
<arg>${LastName}</arg>
<arg>${Description}</arg>
<arg>${Keywords}</arg>
<arg>${PublishingRightsRadioButton}</arg>
<arg>${Category}</arg>
<arg>${SubCategory}</arg>
<arg>${SubCategoryChild}</arg>
<arg>${SubCategorySubChild}</arg>
<arg>${AdultContentRadioButton}</arg>
<arg>${TrimSizeWidthAndHeight}</arg>
<arg>${BookNameToUpload}</arg>
<arg>${BookCoverRadioButton}</arg>
<arg>${BookCoverToUpload}</arg>
<arg>${ListPrice}</arg>
</arguments>
<assign>
<var>${STATUS}</var>
</assign>
<msg timestamp="20200929 19:59:07.538" level="INFO">Start: KDP Publish Paper</msg>
<msg timestamp="20200929 20:06:29.476" level="INFO">End: KDP Publish Paper</msg>
<msg timestamp="20200929 20:06:29.476" level="INFO">${STATUS} = True</msg>
<status status="PASS" starttime="20200929 19:59:07.536" endtime="20200929 20:06:29.476"></status>
</kw>
<kw name="Should Be True" library="BuiltIn">
<doc>Fails if the given condition is not true.</doc>
<arguments>
<arg>${STATUS}</arg>
<arg>Unable to publish paper</arg>
</arguments>
<status status="PASS" starttime="20200929 20:06:29.476" endtime="20200929 20:06:29.477"></status>
</kw>
<kw name="Run Keyword If" library="BuiltIn" type="teardown">
<doc>Runs the given keyword with the given arguments, if ``condition`` is true.</doc>
<arguments>
<arg>'${STATUS}'=='False'</arg>
<arg>Log Screenshot</arg>
</arguments>
<status status="PASS" starttime="20200929 20:06:29.477" endtime="20200929 20:06:29.478"></status>
</kw>
<status status="PASS" starttime="20200929 19:59:07.533" endtime="20200929 20:06:29.478"></status>
</kw>
<status status="PASS" starttime="20200929 19:59:07.532" endtime="20200929 20:06:29.478"></status>
</kw>
<status status="PASS" starttime="20200929 19:58:32.590" endtime="20200929 20:06:29.478" critical="yes"></status>
</test>
<doc>A Test Suite With Set Of Tests To Validate My Organization- Plans and Units Tab Functionality</doc>
<status status="PASS" starttime="20200929 19:58:22.945" endtime="20200929 20:06:30.684"></status>
</suite>
<doc>[https://pabot.org/?ref=log|Pabot] result from 2 executions.</doc>
<status status="PASS" starttime="20200929 19:58:22.911" endtime="20200929 20:06:30.688"></status>
</suite>
<statistics>
<total>
<stat pass="2" fail="0">Critical Tests</stat>
<stat pass="2" fail="0">All Tests</stat>
</total>
<tag>
</tag>
<suite>
<stat pass="2" fail="0" id="s1" name="Suites">Suites</stat>
<stat pass="1" fail="0" id="s1-s1" name="TC AutomateAmazonKDP 1">Suites.TC AutomateAmazonKDP 1</stat>
<stat pass="1" fail="0" id="s1-s2" name="TC AutomateAmazonKDP 2">Suites.TC AutomateAmazonKDP 2</stat>
</suite>
</statistics>
<errors>
</errors>
</robot>
